<?xml version="1.0" encoding="UTF-8"?>
<!-- Generated by org.testng.reporters.JUnitXMLReporter -->
<testsuite ignored="0" hostname="DESKTOP-UC9CJ38" failures="1" tests="1" name="Test" time="11.847" errors="0" timestamp="2024-04-20T08:43:54 IST">
  <testcase classname="testcases.VerifyDropDopdownOptions" name="verifyDropdownOptions" time="0.264">
    <failure type="java.lang.AssertionError" message="The following asserts failed:
	Dropdown not having mentioned options: Lists differ at element [4]: doc  != doc 4 expected [doc ] but found [doc 4]">
      <![CDATA[java.lang.AssertionError: The following asserts failed:
Dropdown not having mentioned options: Lists differ at element [4]: doc  != doc 4 expected [doc ] but found [doc 4]
at testcases.VerifyDropDopdownOptions.verifyDropdownOptions(VerifyDropDopdownOptions.java:23)
at java.base/java.util.ArrayList.forEach(ArrayList.java:1511)
... Removed 29 stack frames]]>
    </failure>
  </testcase> <!-- verifyDropdownOptions -->
</testsuite> <!-- Test -->
