<?xml version="1.0" encoding="UTF-8"?>
<testng-results ignored="0" total="1" passed="1" failed="0" skipped="0">
  <reporter-output>
    <line>
      <![CDATA[Before launching browser]]>
    </line>
    <line>
      <![CDATA[Browser launched successfully]]>
    </line>
    <line>
      <![CDATA[Test case started verifyDropdownOptions]]>
    </line>
    <line>
      <![CDATA[Test case success verifyDropdownOptions]]>
    </line>
  </reporter-output>
  <suite started-at="2024-04-24T07:44:29 IST" name="Suite" finished-at="2024-04-24T07:44:53 IST" duration-ms="23925">
    <groups>
      <group name="sanity">
        <method signature="VerifyDropDopdownOptions.verifyDropdownOptions()[pri:1, instance:testcases.VerifyDropDopdownOptions@25641d39]" name="verifyDropdownOptions" class="testcases.VerifyDropDopdownOptions"/>
      </group> <!-- sanity -->
    </groups>
    <test started-at="2024-04-24T07:44:29 IST" name="Test" finished-at="2024-04-24T07:44:53 IST" duration-ms="23925">
      <class name="testcases.VerifyDropDopdownOptions">
        <test-method is-config="true" signature="setup()[pri:0, instance:testcases.VerifyDropDopdownOptions@25641d39]" started-at="2024-04-24T07:44:29 IST" name="setup" finished-at="2024-04-24T07:44:52 IST" duration-ms="23005" status="PASS">
          <reporter-output>
            <line>
              <![CDATA[Before launching browser]]>
            </line>
            <line>
              <![CDATA[Browser launched successfully]]>
            </line>
          </reporter-output>
        </test-method> <!-- setup -->
        <test-method signature="verifyDropdownOptions()[pri:1, instance:testcases.VerifyDropDopdownOptions@25641d39]" started-at="2024-04-24T07:44:52 IST" name="verifyDropdownOptions" description="Verify dropdown options" finished-at="2024-04-24T07:44:52 IST" duration-ms="304" status="PASS">
          <reporter-output>
            <line>
              <![CDATA[Test case started verifyDropdownOptions]]>
            </line>
            <line>
              <![CDATA[Test case success verifyDropdownOptions]]>
            </line>
          </reporter-output>
        </test-method> <!-- verifyDropdownOptions -->
        <test-method is-config="true" signature="tearDown()[pri:0, instance:testcases.VerifyDropDopdownOptions@25641d39]" started-at="2024-04-24T07:44:52 IST" name="tearDown" finished-at="2024-04-24T07:44:53 IST" duration-ms="470" status="PASS">
          <reporter-output>
          </reporter-output>
        </test-method> <!-- tearDown -->
      </class> <!-- testcases.VerifyDropDopdownOptions -->
    </test> <!-- Test -->
  </suite> <!-- Suite -->
</testng-results>
